2024-12-6 16:32:34 信息: com.group_finity.mascot.config.ActionBuilder <init> Actions Finished Loading
2024-12-6 16:32:34 信息: com.group_finity.mascot.config.ActionBuilder <init> Read Start Operation(Action(JumpFromRightWall,Sequence,null))
2024-12-6 16:32:34 信息: com.group_finity.mascot.config.ActionRef <init> Read Action Reference(Action(Jumping))
2024-12-6 16:32:34 信息: com.group_finity.mascot.config.ActionRef <init> Read Action Reference(Action(GrabWall))
2024-12-6 16:32:34 信息: com.group_finity.mascot.config.ActionBuilder <init> Actions Finished Loading
2024-12-6 16:32:34 信息: com.group_finity.mascot.config.ActionBuilder <init> Read Start Operation(Action(JumpOnIELeftWall,Sequence,null))
2024-12-6 16:32:34 信息: com.group_finity.mascot.config.ActionRef <init> Read Action Reference(Action(Jumping))
2024-12-6 16:32:34 信息: com.group_finity.mascot.config.ActionRef <init> Read Action Reference(Action(GrabWall))
2024-12-6 16:32:34 信息: com.group_finity.mascot.config.ActionBuilder <init> Actions Finished Loading
2024-12-6 16:32:34 信息: com.group_finity.mascot.config.ActionBuilder <init> Read Start Operation(Action(JumpOnIERightWall,Sequence,null))
2024-12-6 16:32:34 信息: com.group_finity.mascot.config.ActionRef <init> Read Action Reference(Action(Jumping))
2024-12-6 16:32:34 信息: com.group_finity.mascot.config.ActionRef <init> Read Action Reference(Action(GrabWall))
2024-12-6 16:32:34 信息: com.group_finity.mascot.config.ActionBuilder <init> Actions Finished Loading
2024-12-6 16:32:34 信息: com.group_finity.mascot.config.ActionBuilder <init> Read Start Operation(Action(ThrowIEFromLeft,Sequence,null))
2024-12-6 16:32:34 信息: com.group_finity.mascot.config.ActionRef <init> Read Action Reference(Action(Jumping))
2024-12-6 16:32:34 信息: com.group_finity.mascot.config.ActionRef <init> Read Action Reference(Action(FallWithIe))
2024-12-6 16:32:34 信息: com.group_finity.mascot.config.ActionRef <init> Read Action Reference(Action(WalkWithIe))
2024-12-6 16:32:34 信息: com.group_finity.mascot.config.ActionRef <init> Read Action Reference(Action(ThrowIe))
2024-12-6 16:32:34 信息: com.group_finity.mascot.config.ActionRef <init> Read Action Reference(Action(Stand))
2024-12-6 16:32:34 信息: com.group_finity.mascot.config.ActionRef <init> Read Action Reference(Action(Look))
2024-12-6 16:32:34 信息: com.group_finity.mascot.config.ActionRef <init> Read Action Reference(Action(Stand))
2024-12-6 16:32:34 信息: com.group_finity.mascot.config.ActionBuilder <init> Actions Finished Loading
2024-12-6 16:32:34 信息: com.group_finity.mascot.config.ActionBuilder <init> Read Start Operation(Action(ThrowIEFromRight,Sequence,null))
2024-12-6 16:32:34 信息: com.group_finity.mascot.config.ActionRef <init> Read Action Reference(Action(Jumping))
2024-12-6 16:32:34 信息: com.group_finity.mascot.config.ActionRef <init> Read Action Reference(Action(FallWithIe))
2024-12-6 16:32:34 信息: com.group_finity.mascot.config.ActionRef <init> Read Action Reference(Action(WalkWithIe))
2024-12-6 16:32:34 信息: com.group_finity.mascot.config.ActionRef <init> Read Action Reference(Action(ThrowIe))
2024-12-6 16:32:34 信息: com.group_finity.mascot.config.ActionRef <init> Read Action Reference(Action(Stand))
2024-12-6 16:32:34 信息: com.group_finity.mascot.config.ActionRef <init> Read Action Reference(Action(Look))
2024-12-6 16:32:34 信息: com.group_finity.mascot.config.ActionRef <init> Read Action Reference(Action(Stand))
2024-12-6 16:32:34 信息: com.group_finity.mascot.config.ActionBuilder <init> Actions Finished Loading
2024-12-6 16:32:34 信息: com.group_finity.mascot.config.ActionBuilder <init> Read Start Operation(Action(WalkAndThrowIEFromRight,Sequence,null))
2024-12-6 16:32:34 信息: com.group_finity.mascot.config.ActionRef <init> Read Action Reference(Action(Jumping))
2024-12-6 16:32:34 信息: com.group_finity.mascot.config.ActionRef <init> Read Action Reference(Action(FallWithIe))
2024-12-6 16:32:34 信息: com.group_finity.mascot.config.ActionRef <init> Read Action Reference(Action(RunWithIe))
2024-12-6 16:32:34 信息: com.group_finity.mascot.config.ActionRef <init> Read Action Reference(Action(ThrowIe))
2024-12-6 16:32:34 信息: com.group_finity.mascot.config.ActionRef <init> Read Action Reference(Action(Stand))
2024-12-6 16:32:34 信息: com.group_finity.mascot.config.ActionRef <init> Read Action Reference(Action(Look))
2024-12-6 16:32:34 信息: com.group_finity.mascot.config.ActionRef <init> Read Action Reference(Action(Stand))
2024-12-6 16:32:34 信息: com.group_finity.mascot.config.ActionBuilder <init> Actions Finished Loading
2024-12-6 16:32:34 信息: com.group_finity.mascot.config.ActionBuilder <init> Read Start Operation(Action(WalkAndThrowIEFromLeft,Sequence,null))
2024-12-6 16:32:34 信息: com.group_finity.mascot.config.ActionRef <init> Read Action Reference(Action(Jumping))
2024-12-6 16:32:34 信息: com.group_finity.mascot.config.ActionRef <init> Read Action Reference(Action(FallWithIe))
2024-12-6 16:32:34 信息: com.group_finity.mascot.config.ActionRef <init> Read Action Reference(Action(RunWithIe))
2024-12-6 16:32:34 信息: com.group_finity.mascot.config.ActionRef <init> Read Action Reference(Action(ThrowIe))
2024-12-6 16:32:34 信息: com.group_finity.mascot.config.ActionRef <init> Read Action Reference(Action(Stand))
2024-12-6 16:32:34 信息: com.group_finity.mascot.config.ActionRef <init> Read Action Reference(Action(Look))
2024-12-6 16:32:34 信息: com.group_finity.mascot.config.ActionRef <init> Read Action Reference(Action(Stand))
2024-12-6 16:32:34 信息: com.group_finity.mascot.config.ActionBuilder <init> Actions Finished Loading
2024-12-6 16:32:34 信息: com.group_finity.mascot.config.ActionBuilder <init> Read Start Operation(Action(ChaseMouse,Sequence,null))
2024-12-6 16:32:34 信息: com.group_finity.mascot.config.ActionBuilder <init> Read Start Operation(Action(null,Sequence,null))
2024-12-6 16:32:34 信息: com.group_finity.mascot.config.ActionRef <init> Read Action Reference(Action(Offset))
2024-12-6 16:32:34 信息: com.group_finity.mascot.config.ActionRef <init> Read Action Reference(Action(Falling))
2024-12-6 16:32:34 信息: com.group_finity.mascot.config.ActionRef <init> Read Action Reference(Action(Bouncing))
2024-12-6 16:32:34 信息: com.group_finity.mascot.config.ActionBuilder <init> Actions Finished Loading
2024-12-6 16:32:34 信息: com.group_finity.mascot.config.ActionBuilder <init> Read Start Operation(Action(null,Sequence,null))
2024-12-6 16:32:34 信息: com.group_finity.mascot.config.ActionRef <init> Read Action Reference(Action(Offset))
2024-12-6 16:32:34 信息: com.group_finity.mascot.config.ActionRef <init> Read Action Reference(Action(Falling))
2024-12-6 16:32:34 信息: com.group_finity.mascot.config.ActionRef <init> Read Action Reference(Action(Bouncing))
2024-12-6 16:32:34 信息: com.group_finity.mascot.config.ActionBuilder <init> Actions Finished Loading
2024-12-6 16:32:34 信息: com.group_finity.mascot.config.ActionBuilder <init> Read Start Operation(Action(null,Sequence,null))
2024-12-6 16:32:34 信息: com.group_finity.mascot.config.ActionRef <init> Read Action Reference(Action(Offset))
2024-12-6 16:32:34 信息: com.group_finity.mascot.config.ActionRef <init> Read Action Reference(Action(Falling))
2024-12-6 16:32:34 信息: com.group_finity.mascot.config.ActionRef <init> Read Action Reference(Action(Bouncing))
2024-12-6 16:32:34 信息: com.group_finity.mascot.config.ActionBuilder <init> Actions Finished Loading
2024-12-6 16:32:34 信息: com.group_finity.mascot.config.ActionBuilder <init> Read Start Operation(Action(null,Select,null))
2024-12-6 16:32:34 信息: com.group_finity.mascot.config.ActionRef <init> Read Action Reference(Action(DashIeCeilingLeftEdgeFromJump))
2024-12-6 16:32:34 信息: com.group_finity.mascot.config.ActionRef <init> Read Action Reference(Action(DashIeCeilingRightEdgeFromJump))
2024-12-6 16:32:34 信息: com.group_finity.mascot.config.ActionBuilder <init> Actions Finished Loading
2024-12-6 16:32:34 信息: com.group_finity.mascot.config.ActionRef <init> Read Action Reference(Action(Dash))
2024-12-6 16:32:34 信息: com.group_finity.mascot.config.ActionRef <init> Read Action Reference(Action(Tripping))
2024-12-6 16:32:34 信息: com.group_finity.mascot.config.ActionRef <init> Read Action Reference(Action(Dash))
2024-12-6 16:32:34 信息: com.group_finity.mascot.config.ActionRef <init> Read Action Reference(Action(Tripping))
2024-12-6 16:32:34 信息: com.group_finity.mascot.config.ActionRef <init> Read Action Reference(Action(Dash))
2024-12-6 16:32:34 信息: com.group_finity.mascot.config.ActionRef <init> Read Action Reference(Action(Look))
2024-12-6 16:32:34 信息: com.group_finity.mascot.config.ActionBuilder <init> Actions Finished Loading
2024-12-6 16:32:34 信息: com.group_finity.mascot.config.ActionBuilder <init> Read Start Operation(Action(PullUpShimeji1,Embedded,com.group_finity.mascot.action.Breed))
2024-12-6 16:32:34 信息: com.group_finity.mascot.config.AnimationBuilder <init> Start Reading Animations
2024-12-6 16:32:34 信息: com.group_finity.mascot.config.AnimationBuilder loadPose ReadPosition(Pose (com.group_finity.mascot.image.ImagePair@79e2c065,0,0,3, null))
2024-12-6 16:32:34 信息: com.group_finity.mascot.config.AnimationBuilder loadPose ReadPosition(Pose (com.group_finity.mascot.image.ImagePair@36bc55de,0,0,3, null))
2024-12-6 16:32:34 信息: com.group_finity.mascot.config.AnimationBuilder loadPose ReadPosition(Pose (com.group_finity.mascot.image.ImagePair@36902638,0,0,3, null))
2024-12-6 16:32:34 信息: com.group_finity.mascot.config.AnimationBuilder loadPose ReadPosition(Pose (com.group_finity.mascot.image.ImagePair@10e31a9a,0,0,3, null))
2024-12-6 16:32:34 信息: com.group_finity.mascot.config.AnimationBuilder loadPose ReadPosition(Pose (com.group_finity.mascot.image.ImagePair@57a3af25,0,0,3, null))
2024-12-6 16:32:34 信息: com.group_finity.mascot.config.AnimationBuilder loadPose ReadPosition(Pose (com.group_finity.mascot.image.ImagePair@c8c12ac,0,0,3, null))
2024-12-6 16:32:34 信息: com.group_finity.mascot.config.AnimationBuilder loadPose ReadPosition(Pose (com.group_finity.mascot.image.ImagePair@49139829,0,0,3, null))
2024-12-6 16:32:34 信息: com.group_finity.mascot.config.AnimationBuilder loadPose ReadPosition(Pose (com.group_finity.mascot.image.ImagePair@59662a0b,0,0,3, null))
2024-12-6 16:32:34 信息: com.group_finity.mascot.config.AnimationBuilder loadPose ReadPosition(Pose (com.group_finity.mascot.image.ImagePair@5b8dfcc1,0,0,3, null))
2024-12-6 16:32:34 信息: com.group_finity.mascot.config.AnimationBuilder loadPose ReadPosition(Pose (com.group_finity.mascot.image.ImagePair@55183b20,0,0,3, null))
2024-12-6 16:32:34 信息: com.group_finity.mascot.config.AnimationBuilder loadPose ReadPosition(Pose (com.group_finity.mascot.image.ImagePair@42a48628,0,0,3, null))
2024-12-6 16:32:34 信息: com.group_finity.mascot.config.AnimationBuilder loadPose ReadPosition(Pose (com.group_finity.mascot.image.ImagePair@f6efaab,0,0,3, null))
2024-12-6 16:32:34 信息: com.group_finity.mascot.config.AnimationBuilder loadPose ReadPosition(Pose (com.group_finity.mascot.image.ImagePair@49e53c76,0,0,3, null))
2024-12-6 16:32:34 信息: com.group_finity.mascot.config.AnimationBuilder loadPose ReadPosition(Pose (com.group_finity.mascot.image.ImagePair@689604d9,0,0,3, null))
2024-12-6 16:32:34 信息: com.group_finity.mascot.config.AnimationBuilder loadPose ReadPosition(Pose (com.group_finity.mascot.image.ImagePair@3023df74,0,0,3, null))
2024-12-6 16:32:34 信息: com.group_finity.mascot.config.AnimationBuilder loadPose ReadPosition(Pose (com.group_finity.mascot.image.ImagePair@6302bbb1,0,0,3, null))
2024-12-6 16:32:34 信息: com.group_finity.mascot.config.AnimationBuilder loadPose ReadPosition(Pose (com.group_finity.mascot.image.ImagePair@6f1de4c7,0,0,3, null))
2024-12-6 16:32:34 信息: com.group_finity.mascot.config.AnimationBuilder loadPose ReadPosition(Pose (com.group_finity.mascot.image.ImagePair@4d5d943d,0,0,3, null))
2024-12-6 16:32:34 信息: com.group_finity.mascot.config.AnimationBuilder loadPose ReadPosition(Pose (com.group_finity.mascot.image.ImagePair@7b2bbc3,0,0,3, null))
2024-12-6 16:32:34 信息: com.group_finity.mascot.config.AnimationBuilder loadPose ReadPosition(Pose (com.group_finity.mascot.image.ImagePair@55182842,0,0,3, null))
2024-12-6 16:32:34 信息: com.group_finity.mascot.config.AnimationBuilder loadPose ReadPosition(Pose (com.group_finity.mascot.image.ImagePair@76505305,0,0,3, null))
2024-12-6 16:32:34 信息: com.group_finity.mascot.config.AnimationBuilder loadPose ReadPosition(Pose (com.group_finity.mascot.image.ImagePair@7b98f307,0,0,3, null))
2024-12-6 16:32:34 信息: com.group_finity.mascot.config.AnimationBuilder loadPose ReadPosition(Pose (com.group_finity.mascot.image.ImagePair@3e694b3f,0,0,3, null))
2024-12-6 16:32:34 信息: com.group_finity.mascot.config.AnimationBuilder loadPose ReadPosition(Pose (com.group_finity.mascot.image.ImagePair@397fbdb,0,0,3, null))
2024-12-6 16:32:34 信息: com.group_finity.mascot.config.AnimationBuilder loadPose ReadPosition(Pose (com.group_finity.mascot.image.ImagePair@443118b0,0,0,3, null))
2024-12-6 16:32:34 信息: com.group_finity.mascot.config.AnimationBuilder loadPose ReadPosition(Pose (com.group_finity.mascot.image.ImagePair@30c15d8b,0,0,3, null))
2024-12-6 16:32:34 信息: com.group_finity.mascot.config.AnimationBuilder loadPose ReadPosition(Pose (com.group_finity.mascot.image.ImagePair@411f53a0,0,0,3, null))
2024-12-6 16:32:34 信息: com.group_finity.mascot.config.AnimationBuilder loadPose ReadPosition(Pose (com.group_finity.mascot.image.ImagePair@3754a4bf,0,0,3, null))
2024-12-6 16:32:34 信息: com.group_finity.mascot.config.AnimationBuilder loadPose ReadPosition(Pose (com.group_finity.mascot.image.ImagePair@5b7a5baa,0,0,3, null))
2024-12-6 16:32:34 信息: com.group_finity.mascot.config.AnimationBuilder loadPose ReadPosition(Pose (com.group_finity.mascot.image.ImagePair@557caf28,0,0,3, null))
2024-12-6 16:32:34 信息: com.group_finity.mascot.config.AnimationBuilder loadPose ReadPosition(Pose (com.group_finity.mascot.image.ImagePair@206a70ef,0,0,3, null))
2024-12-6 16:32:34 信息: com.group_finity.mascot.config.AnimationBuilder loadPose ReadPosition(Pose (com.group_finity.mascot.image.ImagePair@34e9fd99,0,0,3, null))
2024-12-6 16:32:34 信息: com.group_finity.mascot.config.AnimationBuilder loadPose ReadPosition(Pose (com.group_finity.mascot.image.ImagePair@702657cc,0,0,3, null))
2024-12-6 16:32:34 信息: com.group_finity.mascot.config.AnimationBuilder loadPose ReadPosition(Pose (com.group_finity.mascot.image.ImagePair@2d1ef81a,0,0,3, null))
2024-12-6 16:32:34 信息: com.group_finity.mascot.config.AnimationBuilder loadPose ReadPosition(Pose (com.group_finity.mascot.image.ImagePair@4c12331b,0,0,3, null))
2024-12-6 16:32:34 信息: com.group_finity.mascot.config.AnimationBuilder loadPose ReadPosition(Pose (com.group_finity.mascot.image.ImagePair@1573f9fc,0,0,3, null))
2024-12-6 16:32:34 信息: com.group_finity.mascot.config.AnimationBuilder loadPose ReadPosition(Pose (com.group_finity.mascot.image.ImagePair@6a78afa0,0,0,3, null))
2024-12-6 16:32:34 信息: com.group_finity.mascot.config.AnimationBuilder loadPose ReadPosition(Pose (com.group_finity.mascot.image.ImagePair@5aa9e4eb,0,0,3, null))
2024-12-6 16:32:34 信息: com.group_finity.mascot.config.AnimationBuilder <init> Animations Finished Loading
2024-12-6 16:32:34 信息: com.group_finity.mascot.config.ActionBuilder <init> Actions Finished Loading
2024-12-6 16:32:34 信息: com.group_finity.mascot.config.ActionBuilder <init> Read Start Operation(Action(PullUpShimeji2,Animate,null))
2024-12-6 16:32:34 信息: com.group_finity.mascot.config.AnimationBuilder <init> Start Reading Animations
2024-12-6 16:32:34 信息: com.group_finity.mascot.config.AnimationBuilder loadPose ReadPosition(Pose (com.group_finity.mascot.image.ImagePair@2c07545f,20,-20,1, null))
2024-12-6 16:32:34 信息: com.group_finity.mascot.config.AnimationBuilder loadPose ReadPosition(Pose (com.group_finity.mascot.image.ImagePair@76f4b65,20,-10,1, null))
2024-12-6 16:32:34 信息: com.group_finity.mascot.config.AnimationBuilder loadPose ReadPosition(Pose (com.group_finity.mascot.image.ImagePair@545b995e,20,-10,1, null))
2024-12-6 16:32:34 信息: com.group_finity.mascot.config.AnimationBuilder loadPose ReadPosition(Pose (com.group_finity.mascot.image.ImagePair@29526c05,20,-5,1, null))
2024-12-6 16:32:34 信息: com.group_finity.mascot.config.AnimationBuilder <init> Animations Finished Loading
2024-12-6 16:32:34 信息: com.group_finity.mascot.config.ActionBuilder <init> Actions Finished Loading
2024-12-6 16:32:34 信息: com.group_finity.mascot.config.ActionBuilder <init> Read Start Operation(Action(PullUpShimeji,Sequence,null))
2024-12-6 16:32:34 信息: com.group_finity.mascot.config.ActionRef <init> Read Action Reference(Action(PullUpShimeji1))
2024-12-6 16:32:34 信息: com.group_finity.mascot.config.ActionRef <init> Read Action Reference(Action(PullUpShimeji2))
2024-12-6 16:32:34 信息: com.group_finity.mascot.config.ActionRef <init> Read Action Reference(Action(Falling))
2024-12-6 16:32:34 信息: com.group_finity.mascot.config.ActionRef <init> Read Action Reference(Action(Bouncing))
2024-12-6 16:32:34 信息: com.group_finity.mascot.config.ActionRef <init> Read Action Reference(Action(Sprawl))
2024-12-6 16:32:34 信息: com.group_finity.mascot.config.ActionBuilder <init> Actions Finished Loading
2024-12-6 16:32:34 信息: com.group_finity.mascot.config.ActionBuilder <init> Read Start Operation(Action(PullUp,Sequence,null))
2024-12-6 16:32:34 信息: com.group_finity.mascot.config.ActionRef <init> Read Action Reference(Action(Falling))
2024-12-6 16:32:34 信息: com.group_finity.mascot.config.ActionRef <init> Read Action Reference(Action(Bouncing))
2024-12-6 16:32:34 信息: com.group_finity.mascot.config.ActionBuilder <init> Actions Finished Loading
2024-12-6 16:32:34 信息: com.group_finity.mascot.config.ActionBuilder <init> Read Start Operation(Action(Divide1,Embedded,com.group_finity.mascot.action.Breed))
2024-12-6 16:32:34 信息: com.group_finity.mascot.config.AnimationBuilder <init> Start Reading Animations
2024-12-6 16:32:34 信息: com.group_finity.mascot.config.AnimationBuilder loadPose ReadPosition(Pose (com.group_finity.mascot.image.ImagePair@79e2c065,0,0,3, null))
2024-12-6 16:32:34 信息: com.group_finity.mascot.config.AnimationBuilder loadPose ReadPosition(Pose (com.group_finity.mascot.image.ImagePair@36bc55de,0,0,3, null))
2024-12-6 16:32:34 信息: com.group_finity.mascot.config.AnimationBuilder loadPose ReadPosition(Pose (com.group_finity.mascot.image.ImagePair@36902638,0,0,3, null))
2024-12-6 16:32:34 信息: com.group_finity.mascot.config.AnimationBuilder loadPose ReadPosition(Pose (com.group_finity.mascot.image.ImagePair@10e31a9a,0,0,3, null))
2024-12-6 16:32:34 信息: com.group_finity.mascot.config.AnimationBuilder loadPose ReadPosition(Pose (com.group_finity.mascot.image.ImagePair@57a3af25,0,0,3, null))
2024-12-6 16:32:34 信息: com.group_finity.mascot.config.AnimationBuilder loadPose ReadPosition(Pose (com.group_finity.mascot.image.ImagePair@c8c12ac,0,0,3, null))
2024-12-6 16:32:34 信息: com.group_finity.mascot.config.AnimationBuilder loadPose ReadPosition(Pose (com.group_finity.mascot.image.ImagePair@49139829,0,0,3, null))
2024-12-6 16:32:34 信息: com.group_finity.mascot.config.AnimationBuilder loadPose ReadPosition(Pose (com.group_finity.mascot.image.ImagePair@59662a0b,0,0,3, null))
2024-12-6 16:32:34 信息: com.group_finity.mascot.config.AnimationBuilder loadPose ReadPosition(Pose (com.group_finity.mascot.image.ImagePair@5b8dfcc1,0,0,3, null))
2024-12-6 16:32:34 信息: com.group_finity.mascot.config.AnimationBuilder loadPose ReadPosition(Pose (com.group_finity.mascot.image.ImagePair@55183b20,0,0,3, null))
2024-12-6 16:32:34 信息: com.group_finity.mascot.config.AnimationBuilder loadPose ReadPosition(Pose (com.group_finity.mascot.image.ImagePair@42a48628,0,0,3, null))
2024-12-6 16:32:34 信息: com.group_finity.mascot.config.AnimationBuilder loadPose ReadPosition(Pose (com.group_finity.mascot.image.ImagePair@f6efaab,0,0,3, null))
2024-12-6 16:32:34 信息: com.group_finity.mascot.config.AnimationBuilder loadPose ReadPosition(Pose (com.group_finity.mascot.image.ImagePair@49e53c76,0,0,3, null))
2024-12-6 16:32:34 信息: com.group_finity.mascot.config.AnimationBuilder loadPose ReadPosition(Pose (com.group_finity.mascot.image.ImagePair@689604d9,0,0,3, null))
2024-12-6 16:32:34 信息: com.group_finity.mascot.config.AnimationBuilder loadPose ReadPosition(Pose (com.group_finity.mascot.image.ImagePair@3023df74,0,0,3, null))
2024-12-6 16:32:34 信息: com.group_finity.mascot.config.AnimationBuilder loadPose ReadPosition(Pose (com.group_finity.mascot.image.ImagePair@6302bbb1,0,0,3, null))
2024-12-6 16:32:34 信息: com.group_finity.mascot.config.AnimationBuilder loadPose ReadPosition(Pose (com.group_finity.mascot.image.ImagePair@6f1de4c7,0,0,3, null))
2024-12-6 16:32:34 信息: com.group_finity.mascot.config.AnimationBuilder loadPose ReadPosition(Pose (com.group_finity.mascot.image.ImagePair@4d5d943d,0,0,3, null))
2024-12-6 16:32:34 信息: com.group_finity.mascot.config.AnimationBuilder loadPose ReadPosition(Pose (com.group_finity.mascot.image.ImagePair@7b2bbc3,0,0,3, null))
2024-12-6 16:32:34 信息: com.group_finity.mascot.config.AnimationBuilder loadPose ReadPosition(Pose (com.group_finity.mascot.image.ImagePair@55182842,0,0,3, null))
2024-12-6 16:32:34 信息: com.group_finity.mascot.config.AnimationBuilder loadPose ReadPosition(Pose (com.group_finity.mascot.image.ImagePair@76505305,0,0,3, null))
2024-12-6 16:32:34 信息: com.group_finity.mascot.config.AnimationBuilder loadPose ReadPosition(Pose (com.group_finity.mascot.image.ImagePair@7b98f307,0,0,3, null))
2024-12-6 16:32:34 信息: com.group_finity.mascot.config.AnimationBuilder loadPose ReadPosition(Pose (com.group_finity.mascot.image.ImagePair@3e694b3f,0,0,3, null))
2024-12-6 16:32:34 信息: com.group_finity.mascot.config.AnimationBuilder loadPose ReadPosition(Pose (com.group_finity.mascot.image.ImagePair@397fbdb,0,0,3, null))
2024-12-6 16:32:34 信息: com.group_finity.mascot.config.AnimationBuilder loadPose ReadPosition(Pose (com.group_finity.mascot.image.ImagePair@443118b0,0,0,3, null))
2024-12-6 16:32:34 信息: com.group_finity.mascot.config.AnimationBuilder loadPose ReadPosition(Pose (com.group_finity.mascot.image.ImagePair@30c15d8b,0,0,3, null))
2024-12-6 16:32:34 信息: com.group_finity.mascot.config.AnimationBuilder loadPose ReadPosition(Pose (com.group_finity.mascot.image.ImagePair@411f53a0,0,0,3, null))
2024-12-6 16:32:34 信息: com.group_finity.mascot.config.AnimationBuilder loadPose ReadPosition(Pose (com.group_finity.mascot.image.ImagePair@3754a4bf,0,0,3, null))
2024-12-6 16:32:34 信息: com.group_finity.mascot.config.AnimationBuilder loadPose ReadPosition(Pose (com.group_finity.mascot.image.ImagePair@5b7a5baa,0,0,3, null))
2024-12-6 16:32:34 信息: com.group_finity.mascot.config.AnimationBuilder loadPose ReadPosition(Pose (com.group_finity.mascot.image.ImagePair@557caf28,0,0,3, null))
2024-12-6 16:32:34 信息: com.group_finity.mascot.config.AnimationBuilder loadPose ReadPosition(Pose (com.group_finity.mascot.image.ImagePair@206a70ef,0,0,3, null))
2024-12-6 16:32:34 信息: com.group_finity.mascot.config.AnimationBuilder loadPose ReadPosition(Pose (com.group_finity.mascot.image.ImagePair@34e9fd99,0,0,3, null))
2024-12-6 16:32:34 信息: com.group_finity.mascot.config.AnimationBuilder loadPose ReadPosition(Pose (com.group_finity.mascot.image.ImagePair@702657cc,0,0,3, null))
2024-12-6 16:32:34 信息: com.group_finity.mascot.config.AnimationBuilder loadPose ReadPosition(Pose (com.group_finity.mascot.image.ImagePair@2d1ef81a,0,0,3, null))
2024-12-6 16:32:34 信息: com.group_finity.mascot.config.AnimationBuilder loadPose ReadPosition(Pose (com.group_finity.mascot.image.ImagePair@4c12331b,0,0,3, null))
2024-12-6 16:32:34 信息: com.group_finity.mascot.config.AnimationBuilder loadPose ReadPosition(Pose (com.group_finity.mascot.image.ImagePair@1573f9fc,0,0,3, null))
2024-12-6 16:32:34 信息: com.group_finity.mascot.config.AnimationBuilder loadPose ReadPosition(Pose (com.group_finity.mascot.image.ImagePair@6a78afa0,0,0,3, null))
2024-12-6 16:32:34 信息: com.group_finity.mascot.config.AnimationBuilder loadPose ReadPosition(Pose (com.group_finity.mascot.image.ImagePair@5aa9e4eb,0,0,3, null))
2024-12-6 16:32:34 信息: com.group_finity.mascot.config.AnimationBuilder <init> Animations Finished Loading
2024-12-6 16:32:34 信息: com.group_finity.mascot.config.ActionBuilder <init> Actions Finished Loading
2024-12-6 16:32:34 信息: com.group_finity.mascot.config.ActionBuilder <init> Read Start Operation(Action(SplitIntoTwo,Sequence,null))
2024-12-6 16:32:34 信息: com.group_finity.mascot.config.ActionRef <init> Read Action Reference(Action(Divide1))
2024-12-6 16:32:34 信息: com.group_finity.mascot.config.ActionRef <init> Read Action Reference(Action(Offset))
2024-12-6 16:32:34 信息: com.group_finity.mascot.config.ActionRef <init> Read Action Reference(Action(Look))
2024-12-6 16:32:34 信息: com.group_finity.mascot.config.ActionRef <init> Read Action Reference(Action(Divided))
2024-12-6 16:32:34 信息: com.group_finity.mascot.config.ActionBuilder <init> Actions Finished Loading
2024-12-6 16:32:34 信息: com.group_finity.mascot.config.ActionBuilder <init> Read Start Operation(Action(Divided,Sequence,null))
2024-12-6 16:32:34 信息: com.group_finity.mascot.config.ActionRef <init> Read Action Reference(Action(Falling))
2024-12-6 16:32:34 信息: com.group_finity.mascot.config.ActionRef <init> Read Action Reference(Action(Bouncing))
2024-12-6 16:32:34 信息: com.group_finity.mascot.config.ActionBuilder <init> Actions Finished Loading
2024-12-6 16:32:34 信息: com.group_finity.mascot.config.Configuration load Configuration loaded successfully
2024-12-6 16:32:34 信息: com.group_finity.mascot.Main loadConfiguration 18Mafuyu Read Behavior File (./img/18Mafuyu/conf/behaviors.xml)
2024-12-6 16:32:34 信息: com.group_finity.mascot.config.Configuration load Start Reading Configuration File...
2024-12-6 16:32:34 信息: com.group_finity.mascot.config.Configuration load Using en-US schema
2024-12-6 16:32:34 信息: com.group_finity.mascot.config.Configuration load Behavior List...
2024-12-6 16:32:34 信息: com.group_finity.mascot.config.BehaviorBuilder <init> Start Reading(Behavior(ChaseMouse,0,ChaseMouse))
2024-12-6 16:32:34 信息: com.group_finity.mascot.config.BehaviorBuilder <init> Behaviors have finished loading(Behavior(ChaseMouse,0,ChaseMouse))
2024-12-6 16:32:34 信息: com.group_finity.mascot.config.BehaviorBuilder <init> Start Reading(Behavior(Fall,0,Fall))
2024-12-6 16:32:34 信息: com.group_finity.mascot.config.BehaviorBuilder <init> Behaviors have finished loading(Behavior(Fall,0,Fall))
2024-12-6 16:32:34 信息: com.group_finity.mascot.config.BehaviorBuilder <init> Start Reading(Behavior(Dragged,0,Dragged))
2024-12-6 16:32:34 信息: com.group_finity.mascot.config.BehaviorBuilder <init> Behaviors have finished loading(Behavior(Dragged,0,Dragged))
2024-12-6 16:32:34 信息: com.group_finity.mascot.config.BehaviorBuilder <init> Start Reading(Behavior(Thrown,0,Thrown))
2024-12-6 16:32:34 信息: com.group_finity.mascot.config.BehaviorBuilder <init> Behaviors have finished loading(Behavior(Thrown,0,Thrown))
2024-12-6 16:32:34 信息: com.group_finity.mascot.config.BehaviorBuilder <init> Start Reading(Behavior(PullUp,0,PullUp))
2024-12-6 16:32:34 信息: com.group_finity.mascot.config.BehaviorBuilder <init> Behaviors have finished loading(Behavior(PullUp,0,PullUp))
2024-12-6 16:32:34 信息: com.group_finity.mascot.config.BehaviorBuilder <init> Start Reading(Behavior(Divided,0,Divided))
2024-12-6 16:32:34 信息: com.group_finity.mascot.config.BehaviorBuilder <init> Behaviors have finished loading(Behavior(Divided,0,Divided))
2024-12-6 16:32:34 信息: com.group_finity.mascot.config.BehaviorBuilder <init> Start Reading(Behavior(StandUp,200,StandUp))
2024-12-6 16:32:34 信息: com.group_finity.mascot.config.BehaviorBuilder <init> Behaviors have finished loading(Behavior(StandUp,200,StandUp))
2024-12-6 16:32:34 信息: com.group_finity.mascot.config.BehaviorBuilder <init> Start Reading(Behavior(SitDown,200,SitDown))
2024-12-6 16:32:34 信息: com.group_finity.mascot.config.BehaviorBuilder <init> Behaviors have finished loading(Behavior(SitDown,200,SitDown))
2024-12-6 16:32:34 信息: com.group_finity.mascot.config.BehaviorBuilder <init> Start Reading(Behavior(LieDown,0,LieDown))
2024-12-6 16:32:34 信息: com.group_finity.mascot.config.BehaviorBuilder <init> Behaviors have finished loading(Behavior(LieDown,0,LieDown))
2024-12-6 16:32:34 信息: com.group_finity.mascot.config.BehaviorBuilder <init> Start Reading(Behavior(SplitIntoTwo,50,SplitIntoTwo))
2024-12-6 16:32:34 信息: com.group_finity.mascot.config.BehaviorBuilder <init> Behaviors have finished loading(Behavior(SplitIntoTwo,50,SplitIntoTwo))
2024-12-6 16:32:34 信息: com.group_finity.mascot.config.BehaviorBuilder <init> Start Reading(Behavior(Talking,100,Talking))
2024-12-6 16:32:34 信息: com.group_finity.mascot.config.BehaviorBuilder <init> Behaviors have finished loading(Behavior(Talking,100,Talking))
2024-12-6 16:32:34 信息: com.group_finity.mascot.config.BehaviorBuilder <init> Start Reading(Behavior(Listening,100,Listening))
2024-12-6 16:32:34 信息: com.group_finity.mascot.config.BehaviorBuilder <init> Behaviors have finished loading(Behavior(Listening,100,Listening))
2024-12-6 16:32:34 信息: com.group_finity.mascot.config.BehaviorBuilder <init> Start Reading(Behavior(Joying,100,Joying))
2024-12-6 16:32:34 信息: com.group_finity.mascot.config.BehaviorBuilder <init> Behaviors have finished loading(Behavior(Joying,100,Joying))
2024-12-6 16:32:34 信息: com.group_finity.mascot.config.BehaviorBuilder <init> Start Reading(Behavior(Angrying,100,Angrying))
2024-12-6 16:32:34 信息: com.group_finity.mascot.config.BehaviorBuilder <init> Behaviors have finished loading(Behavior(Angrying,100,Angrying))
2024-12-6 16:32:34 信息: com.group_finity.mascot.config.BehaviorBuilder <init> Start Reading(Behavior(HoldOntoWall,3600000,HoldOntoWall))
2024-12-6 16:32:34 信息: com.group_finity.mascot.config.BehaviorBuilder <init> Behaviors have finished loading(Behavior(HoldOntoWall,3600000,HoldOntoWall))
2024-12-6 16:32:34 信息: com.group_finity.mascot.config.BehaviorBuilder <init> Start Reading(Behavior(FallFromWall,3600000,FallFromWall))
2024-12-6 16:32:34 信息: com.group_finity.mascot.config.BehaviorBuilder <init> Behaviors have finished loading(Behavior(FallFromWall,3600000,FallFromWall))
2024-12-6 16:32:34 信息: com.group_finity.mascot.config.BehaviorBuilder <init> Start Reading(Behavior(HoldOntoCeiling,100,HoldOntoCeiling))
2024-12-6 16:32:34 信息: com.group_finity.mascot.config.BehaviorBuilder <init> Behaviors have finished loading(Behavior(HoldOntoCeiling,100,HoldOntoCeiling))
2024-12-6 16:32:34 信息: com.group_finity.mascot.config.BehaviorBuilder <init> Start Reading(Behavior(FallFromCeiling,50,FallFromCeiling))
2024-12-6 16:32:34 信息: com.group_finity.mascot.config.BehaviorBuilder <init> Behaviors have finished loading(Behavior(FallFromCeiling,50,FallFromCeiling))
2024-12-6 16:32:34 信息: com.group_finity.mascot.config.BehaviorBuilder <init> Start Reading(Behavior(WalkAlongWorkAreaFloor,100,WalkAlongWorkAreaFloor))
2024-12-6 16:32:34 信息: com.group_finity.mascot.config.BehaviorBuilder <init> Behaviors have finished loading(Behavior(WalkAlongWorkAreaFloor,100,WalkAlongWorkAreaFloor))
2024-12-6 16:32:34 信息: com.group_finity.mascot.config.BehaviorBuilder <init> Start Reading(Behavior(RunAlongWorkAreaFloor,100,RunAlongWorkAreaFloor))
2024-12-6 16:32:34 信息: com.group_finity.mascot.config.BehaviorBuilder <init> Behaviors have finished loading(Behavior(RunAlongWorkAreaFloor,100,RunAlongWorkAreaFloor))
2024-12-6 16:32:34 信息: com.group_finity.mascot.config.BehaviorBuilder <init> Start Reading(Behavior(CrawlAlongWorkAreaFloor,10,CrawlAlongWorkAreaFloor))
2024-12-6 16:32:34 信息: com.group_finity.mascot.config.BehaviorBuilder <init> Behaviors have finished loading(Behavior(CrawlAlongWorkAreaFloor,10,CrawlAlongWorkAreaFloor))
2024-12-6 16:32:34 信息: com.group_finity.mascot.config.BehaviorBuilder <init> Start Reading(Behavior(WalkLeftAlongFloorAndSit,100,WalkLeftAlongFloorAndSit))
2024-12-6 16:32:34 信息: com.group_finity.mascot.config.BehaviorBuilder <init> Behaviors have finished loading(Behavior(WalkLeftAlongFloorAndSit,100,WalkLeftAlongFloorAndSit))
2024-12-6 16:32:34 信息: com.group_finity.mascot.config.BehaviorBuilder <init> Start Reading(Behavior(WalkRightAlongFloorAndSit,100,WalkRightAlongFloorAndSit))
2024-12-6 16:32:34 信息: com.group_finity.mascot.config.BehaviorBuilder <init> Behaviors have finished loading(Behavior(WalkRightAlongFloorAndSit,100,WalkRightAlongFloorAndSit))
2024-12-6 16:32:34 信息: com.group_finity.mascot.config.BehaviorBuilder <init> Start Reading(Behavior(GrabWorkAreaBottomLeftWall,100,GrabWorkAreaBottomLeftWall))
2024-12-6 16:32:34 信息: com.group_finity.mascot.config.BehaviorBuilder <init> Behaviors have finished loading(Behavior(GrabWorkAreaBottomLeftWall,100,GrabWorkAreaBottomLeftWall))
2024-12-6 16:32:34 信息: com.group_finity.mascot.config.BehaviorBuilder <init> Start Reading(Behavior(GrabWorkAreaBottomRightWall,100,GrabWorkAreaBottomRightWall))
2024-12-6 16:32:34 信息: com.group_finity.mascot.config.BehaviorBuilder <init> Behaviors have finished loading(Behavior(GrabWorkAreaBottomRightWall,100,GrabWorkAreaBottomRightWall))
2024-12-6 16:32:34 信息: com.group_finity.mascot.config.BehaviorBuilder <init> Start Reading(Behavior(WalkLeftAndSit,100,WalkLeftAndSit))
2024-12-6 16:32:34 信息: com.group_finity.mascot.config.BehaviorBuilder <init> Behaviors have finished loading(Behavior(WalkLeftAndSit,100,WalkLeftAndSit))
2024-12-6 16:32:34 信息: com.group_finity.mascot.config.BehaviorBuilder <init> Start Reading(Behavior(WalkRightAndSit,100,WalkRightAndSit))
2024-12-6 16:32:34 信息: com.group_finity.mascot.config.BehaviorBuilder <init> Behaviors have finished loading(Behavior(WalkRightAndSit,100,WalkRightAndSit))
2024-12-6 16:32:34 信息: com.group_finity.mascot.config.BehaviorBuilder <init> Start Reading(Behavior(WalkAndGrabBottomLeftWall,100,WalkAndGrabBottomLeftWall))
2024-12-6 16:32:34 信息: com.group_finity.mascot.config.BehaviorBuilder <init> Behaviors have finished loading(Behavior(WalkAndGrabBottomLeftWall,100,WalkAndGrabBottomLeftWall))
2024-12-6 16:32:34 信息: com.group_finity.mascot.config.BehaviorBuilder <init> Start Reading(Behavior(WalkAndGrabBottomRightWall,100,WalkAndGrabBottomRightWall))
2024-12-6 16:32:34 信息: com.group_finity.mascot.config.BehaviorBuilder <init> Behaviors have finished loading(Behavior(WalkAndGrabBottomRightWall,100,WalkAndGrabBottomRightWall))
2024-12-6 16:32:34 信息: com.group_finity.mascot.config.BehaviorBuilder <init> Start Reading(Behavior(JumpFromBottomOfIE,50,JumpFromBottomOfIE))
2024-12-6 16:32:34 信息: com.group_finity.mascot.config.BehaviorBuilder <init> Behaviors have finished loading(Behavior(JumpFromBottomOfIE,50,JumpFromBottomOfIE))
2024-12-6 16:32:34 信息: com.group_finity.mascot.config.BehaviorBuilder <init> Start Reading(Behavior(PullUpShimeji,50,PullUpShimeji))
2024-12-6 16:32:34 信息: com.group_finity.mascot.config.BehaviorBuilder <init> Behaviors have finished loading(Behavior(PullUpShimeji,50,PullUpShimeji))
2024-12-6 16:32:34 信息: com.group_finity.mascot.config.BehaviorBuilder <init> Start Reading(Behavior(ClimbHalfwayAlongWall,3600000,ClimbHalfwayAlongWall))
2024-12-6 16:32:34 信息: com.group_finity.mascot.config.BehaviorBuilder <init> Behaviors have finished loading(Behavior(ClimbHalfwayAlongWall,3600000,ClimbHalfwayAlongWall))
2024-12-6 16:32:34 信息: com.group_finity.mascot.config.BehaviorBuilder <init> Start Reading(Behavior(ClimbAlongWall,3600000,ClimbAlongWall))
2024-12-6 16:32:34 信息: com.group_finity.mascot.config.BehaviorBuilder <init> Behaviors have finished loading(Behavior(ClimbAlongWall,3600000,ClimbAlongWall))
2024-12-6 16:32:34 信息: com.group_finity.mascot.config.BehaviorBuilder <init> Start Reading(Behavior(ClimbAlongCeiling,100,ClimbAlongCeiling))
2024-12-6 16:32:34 信息: com.group_finity.mascot.config.BehaviorBuilder <init> Behaviors have finished loading(Behavior(ClimbAlongCeiling,100,ClimbAlongCeiling))
2024-12-6 16:32:34 信息: com.group_finity.mascot.config.BehaviorBuilder <init> Start Reading(Behavior(WalkAlongIECeiling,100,WalkAlongIECeiling))
2024-12-6 16:32:34 信息: com.group_finity.mascot.config.BehaviorBuilder <init> Behaviors have finished loading(Behavior(WalkAlongIECeiling,100,WalkAlongIECeiling))
2024-12-6 16:32:34 信息: com.group_finity.mascot.config.BehaviorBuilder <init> Start Reading(Behavior(RunAlongIECeiling,100,RunAlongIECeiling))
2024-12-6 16:32:34 信息: com.group_finity.mascot.config.BehaviorBuilder <init> Behaviors have finished loading(Behavior(RunAlongIECeiling,100,RunAlongIECeiling))
2024-12-6 16:32:34 信息: com.group_finity.mascot.config.BehaviorBuilder <init> Start Reading(Behavior(CrawlAlongIECeiling,10,CrawlAlongIECeiling))
2024-12-6 16:32:34 信息: com.group_finity.mascot.config.BehaviorBuilder <init> Behaviors have finished loading(Behavior(CrawlAlongIECeiling,10,CrawlAlongIECeiling))
2024-12-6 16:32:34 信息: com.group_finity.mascot.config.BehaviorBuilder <init> Start Reading(Behavior(SitOnTheLeftEdgeOfIE,100,SitOnTheLeftEdgeOfIE))
2024-12-6 16:32:34 信息: com.group_finity.mascot.config.BehaviorBuilder <init> Behaviors have finished loading(Behavior(SitOnTheLeftEdgeOfIE,100,SitOnTheLeftEdgeOfIE))
2024-12-6 16:32:34 信息: com.group_finity.mascot.config.BehaviorBuilder <init> Start Reading(Behavior(SitOnTheRightEdgeOfIE,100,SitOnTheRightEdgeOfIE))
2024-12-6 16:32:34 信息: com.group_finity.mascot.config.BehaviorBuilder <init> Behaviors have finished loading(Behavior(SitOnTheRightEdgeOfIE,100,SitOnTheRightEdgeOfIE))
2024-12-6 16:32:34 信息: com.group_finity.mascot.config.BehaviorBuilder <init> Start Reading(Behavior(JumpFromLeftEdgeOfIE,100,JumpFromLeftEdgeOfIE))
2024-12-6 16:32:34 信息: com.group_finity.mascot.config.BehaviorBuilder <init> Behaviors have finished loading(Behavior(JumpFromLeftEdgeOfIE,100,JumpFromLeftEdgeOfIE))
2024-12-6 16:32:34 信息: com.group_finity.mascot.config.BehaviorBuilder <init> Start Reading(Behavior(JumpFromRightEdgeOfIE,100,JumpFromRightEdgeOfIE))
2024-12-6 16:32:34 信息: com.group_finity.mascot.config.BehaviorBuilder <init> Behaviors have finished loading(Behavior(JumpFromRightEdgeOfIE,100,JumpFromRightEdgeOfIE))
2024-12-6 16:32:34 信息: com.group_finity.mascot.config.BehaviorBuilder <init> Start Reading(Behavior(WalkLeftAlongIEAndSit,100,WalkLeftAlongIEAndSit))
2024-12-6 16:32:34 信息: com.group_finity.mascot.config.BehaviorBuilder <init> Behaviors have finished loading(Behavior(WalkLeftAlongIEAndSit,100,WalkLeftAlongIEAndSit))
2024-12-6 16:32:34 信息: com.group_finity.mascot.config.BehaviorBuilder <init> Start Reading(Behavior(WalkRightAlongIEAndSit,100,WalkRightAlongIEAndSit))
2024-12-6 16:32:34 信息: com.group_finity.mascot.config.BehaviorBuilder <init> Behaviors have finished loading(Behavior(WalkRightAlongIEAndSit,100,WalkRightAlongIEAndSit))
2024-12-6 16:32:34 信息: com.group_finity.mascot.config.BehaviorBuilder <init> Start Reading(Behavior(WalkLeftAlongIEAndJump,100,WalkLeftAlongIEAndJump))
2024-12-6 16:32:34 信息: com.group_finity.mascot.config.BehaviorBuilder <init> Behaviors have finished loading(Behavior(WalkLeftAlongIEAndJump,100,WalkLeftAlongIEAndJump))
2024-12-6 16:32:34 信息: com.group_finity.mascot.config.BehaviorBuilder <init> Start Reading(Behavior(WalkRightAlongIEAndJump,100,WalkRightAlongIEAndJump))
2024-12-6 16:32:34 信息: com.group_finity.mascot.config.BehaviorBuilder <init> Behaviors have finished loading(Behavior(WalkRightAlongIEAndJump,100,WalkRightAlongIEAndJump))
2024-12-6 16:32:34 信息: com.group_finity.mascot.config.BehaviorBuilder <init> Start Reading(Behavior(HoldOntoIEWall,100,HoldOntoIEWall))
2024-12-6 16:32:34 信息: com.group_finity.mascot.config.BehaviorBuilder <init> Behaviors have finished loading(Behavior(HoldOntoIEWall,100,HoldOntoIEWall))
2024-12-6 16:32:34 信息: com.group_finity.mascot.config.BehaviorBuilder <init> Start Reading(Behavior(ClimbIEWall,100,ClimbIEWall))
2024-12-6 16:32:34 信息: com.group_finity.mascot.config.BehaviorBuilder <init> Behaviors have finished loading(Behavior(ClimbIEWall,100,ClimbIEWall))
2024-12-6 16:32:34 信息: com.group_finity.mascot.config.BehaviorBuilder <init> Start Reading(Behavior(ClimbIEBottom,100,ClimbIEBottom))
2024-12-6 16:32:34 信息: com.group_finity.mascot.config.BehaviorBuilder <init> Behaviors have finished loading(Behavior(ClimbIEBottom,100,ClimbIEBottom))
2024-12-6 16:32:34 信息: com.group_finity.mascot.config.BehaviorBuilder <init> Start Reading(Behavior(GrabIEBottomLeftWall,100,GrabIEBottomLeftWall))
2024-12-6 16:32:34 信息: com.group_finity.mascot.config.BehaviorBuilder <init> Behaviors have finished loading(Behavior(GrabIEBottomLeftWall,100,GrabIEBottomLeftWall))
2024-12-6 16:32:34 信息: com.group_finity.mascot.config.BehaviorBuilder <init> Start Reading(Behavior(GrabIEBottomRightWall,100,GrabIEBottomRightWall))
2024-12-6 16:32:34 信息: com.group_finity.mascot.config.BehaviorBuilder <init> Behaviors have finished loading(Behavior(GrabIEBottomRightWall,100,GrabIEBottomRightWall))
2024-12-6 16:32:34 信息: com.group_finity.mascot.config.BehaviorBuilder <init> Start Reading(Behavior(JumpFromLeftWall,50,JumpFromLeftWall))
2024-12-6 16:32:34 信息: com.group_finity.mascot.config.BehaviorBuilder <init> Behaviors have finished loading(Behavior(JumpFromLeftWall,50,JumpFromLeftWall))
2024-12-6 16:32:34 信息: com.group_finity.mascot.config.BehaviorBuilder <init> Start Reading(Behavior(JumpFromRightWall,50,JumpFromRightWall))
2024-12-6 16:32:34 信息: com.group_finity.mascot.config.BehaviorBuilder <init> Behaviors have finished loading(Behavior(JumpFromRightWall,50,JumpFromRightWall))
2024-12-6 16:32:34 信息: com.group_finity.mascot.config.BehaviorBuilder <init> Start Reading(Behavior(JumpOnIELeftWall,50,JumpOnIELeftWall))
2024-12-6 16:32:34 信息: com.group_finity.mascot.config.BehaviorBuilder <init> Behaviors have finished loading(Behavior(JumpOnIELeftWall,50,JumpOnIELeftWall))
2024-12-6 16:32:34 信息: com.group_finity.mascot.config.BehaviorBuilder <init> Start Reading(Behavior(JumpOnIERightWall,50,JumpOnIERightWall))
2024-12-6 16:32:34 信息: com.group_finity.mascot.config.BehaviorBuilder <init> Behaviors have finished loading(Behavior(JumpOnIERightWall,50,JumpOnIERightWall))
2024-12-6 16:32:34 信息: com.group_finity.mascot.config.BehaviorBuilder <init> Start Reading(Behavior(ThrowIEFromLeft,20,ThrowIEFromLeft))
2024-12-6 16:32:34 信息: com.group_finity.mascot.config.BehaviorBuilder <init> Behaviors have finished loading(Behavior(ThrowIEFromLeft,20,ThrowIEFromLeft))
2024-12-6 16:32:34 信息: com.group_finity.mascot.config.BehaviorBuilder <init> Start Reading(Behavior(ThrowIEFromRight,20,ThrowIEFromRight))
2024-12-6 16:32:34 信息: com.group_finity.mascot.config.BehaviorBuilder <init> Behaviors have finished loading(Behavior(ThrowIEFromRight,20,ThrowIEFromRight))
2024-12-6 16:32:34 信息: com.group_finity.mascot.config.BehaviorBuilder <init> Start Reading(Behavior(WalkAndThrowIEFromRight,20,WalkAndThrowIEFromRight))
2024-12-6 16:32:34 信息: com.group_finity.mascot.config.BehaviorBuilder <init> Behaviors have finished loading(Behavior(WalkAndThrowIEFromRight,20,WalkAndThrowIEFromRight))
2024-12-6 16:32:34 信息: com.group_finity.mascot.config.BehaviorBuilder <init> Start Reading(Behavior(WalkAndThrowIEFromLeft,20,WalkAndThrowIEFromLeft))
2024-12-6 16:32:34 信息: com.group_finity.mascot.config.BehaviorBuilder <init> Behaviors have finished loading(Behavior(WalkAndThrowIEFromLeft,20,WalkAndThrowIEFromLeft))
2024-12-6 16:32:34 信息: com.group_finity.mascot.config.Configuration load Configuration loaded successfully
2024-12-6 16:32:34 信息: com.group_finity.mascot.Main createTrayIcon create a tray icon
2024-12-6 16:32:34 信息: com.group_finity.mascot.Main createMascot create a mascot
2024-12-6 16:32:34 信息: com.group_finity.mascot.Mascot <init> Created a mascot (mascot1)
2024-12-6 16:32:35 信息: com.group_finity.mascot.behavior.UserBehavior init Default Behavior(mascot1,Behavior(Fall))
2024-12-6 16:32:48 信息: com.group_finity.mascot.behavior.UserBehavior next Completed Behavior (mascot1,Behavior(Fall))
2024-12-6 16:32:48 信息: com.group_finity.mascot.behavior.UserBehavior init Default Behavior(mascot1,Behavior(StandUp))
2024-12-6 16:32:58 信息: com.group_finity.mascot.behavior.UserBehavior init Default Behavior(mascot1,Behavior(Dragged))
2024-12-6 16:32:59 信息: com.group_finity.mascot.behavior.UserBehavior init Default Behavior(mascot1,Behavior(Thrown))
2024-12-6 16:33:06 信息: com.group_finity.mascot.Mascot dispose destroy mascot (mascot1)
